0 info it worked if it ends with ok
1 verbose cli [ '/usr/local/bin/node',
1 verbose cli   '/usr/local/bin/npm',
1 verbose cli   'install',
1 verbose cli   '-g',
1 verbose cli   'firebase-tools' ]
2 info using npm@2.15.5
3 info using node@v4.4.5
4 verbose install initial load of /usr/local/lib/package.json
5 verbose readDependencies loading dependencies from /usr/local/lib/package.json
6 silly cache add args [ 'firebase-tools', null ]
7 verbose cache add spec firebase-tools
8 silly cache add parsed spec Result {
8 silly cache add   raw: 'firebase-tools',
8 silly cache add   scope: null,
8 silly cache add   name: 'firebase-tools',
8 silly cache add   rawSpec: '',
8 silly cache add   spec: 'latest',
8 silly cache add   type: 'tag' }
9 silly addNamed firebase-tools@latest
10 verbose addNamed "latest" is being treated as a dist-tag for firebase-tools
11 info addNameTag [ 'firebase-tools', 'latest' ]
12 silly mapToRegistry name firebase-tools
13 silly mapToRegistry using default registry
14 silly mapToRegistry registry https://registry.npmjs.org/
15 silly mapToRegistry data Result {
15 silly mapToRegistry   raw: 'firebase-tools',
15 silly mapToRegistry   scope: null,
15 silly mapToRegistry   name: 'firebase-tools',
15 silly mapToRegistry   rawSpec: '',
15 silly mapToRegistry   spec: 'latest',
15 silly mapToRegistry   type: 'tag' }
16 silly mapToRegistry uri https://registry.npmjs.org/firebase-tools
17 verbose addNameTag registry:https://registry.npmjs.org/firebase-tools not in flight; fetching
18 verbose request uri https://registry.npmjs.org/firebase-tools
19 verbose request no auth needed
20 info attempt registry request try #1 at 10:15:47 PM
21 verbose request id 2b0a962bc7b6e31e
22 verbose etag "108DC24AFXJZ1C41UDQNE100Y"
23 http request GET https://registry.npmjs.org/firebase-tools
24 http 304 https://registry.npmjs.org/firebase-tools
25 verbose headers { date: 'Sat, 25 Jun 2016 12:15:45 GMT',
25 verbose headers   via: '1.1 varnish',
25 verbose headers   'cache-control': 'max-age=300',
25 verbose headers   etag: '"108DC24AFXJZ1C41UDQNE100Y"',
25 verbose headers   age: '265',
25 verbose headers   connection: 'keep-alive',
25 verbose headers   'x-served-by': 'cache-mel6521-MEL',
25 verbose headers   'x-cache': 'HIT',
25 verbose headers   'x-cache-hits': '3',
25 verbose headers   'x-timer': 'S1466856945.121446,VS0,VE0',
25 verbose headers   vary: 'Accept-Encoding' }
26 silly get cb [ 304,
26 silly get   { date: 'Sat, 25 Jun 2016 12:15:45 GMT',
26 silly get     via: '1.1 varnish',
26 silly get     'cache-control': 'max-age=300',
26 silly get     etag: '"108DC24AFXJZ1C41UDQNE100Y"',
26 silly get     age: '265',
26 silly get     connection: 'keep-alive',
26 silly get     'x-served-by': 'cache-mel6521-MEL',
26 silly get     'x-cache': 'HIT',
26 silly get     'x-cache-hits': '3',
26 silly get     'x-timer': 'S1466856945.121446,VS0,VE0',
26 silly get     vary: 'Accept-Encoding' } ]
27 verbose etag https://registry.npmjs.org/firebase-tools from cache
28 verbose get saving firebase-tools to /Users/Exodus/.npm/registry.npmjs.org/firebase-tools/.cache.json
29 verbose correctMkdir /Users/Exodus/.npm correctMkdir not in flight; initializing
30 silly addNameTag next cb for firebase-tools with tag latest
31 silly addNamed firebase-tools@3.0.3
32 verbose addNamed "3.0.3" is a plain semver version for firebase-tools
33 silly cache afterAdd firebase-tools@3.0.3
34 verbose afterAdd /Users/Exodus/.npm/firebase-tools/3.0.3/package/package.json not in flight; writing
35 verbose correctMkdir /Users/Exodus/.npm correctMkdir not in flight; initializing
36 verbose afterAdd /Users/Exodus/.npm/firebase-tools/3.0.3/package/package.json written
37 silly install resolved [ { name: 'firebase-tools',
37 silly install resolved     version: '3.0.3',
37 silly install resolved     description: 'Command-Line Interface for Firebase',
37 silly install resolved     main: 'index.js',
37 silly install resolved     bin: { firebase: './bin/firebase' },
37 silly install resolved     scripts: { test: 'gulp' },
37 silly install resolved     repository:
37 silly install resolved      { type: 'git',
37 silly install resolved        url: 'git+https://github.com/firebase/firebase-tools.git' },
37 silly install resolved     keywords:
37 silly install resolved      [ 'cdn',
37 silly install resolved        'cli',
37 silly install resolved        'ssl',
37 silly install resolved        'cloud',
37 silly install resolved        'hosting',
37 silly install resolved        'firebase',
37 silly install resolved        'realtime',
37 silly install resolved        'websockets',
37 silly install resolved        'synchronization' ],
37 silly install resolved     preferGlobal: true,
37 silly install resolved     engines: { node: '>=0.10.0' },
37 silly install resolved     'engine-strict': true,
37 silly install resolved     author: { name: 'Firebase', url: 'https://firebase.google.com/' },
37 silly install resolved     license: 'MIT',
37 silly install resolved     bugs: { url: 'https://github.com/firebase/firebase-tools/issues' },
37 silly install resolved     files: [ 'bin/**', 'lib/**', 'commands/**', 'templates/**', 'index.js' ],
37 silly install resolved     homepage: 'https://github.com/firebase/firebase-tools',
37 silly install resolved     dependencies:
37 silly install resolved      { archiver: '^0.16.0',
37 silly install resolved        chalk: '^1.1.0',
37 silly install resolved        cjson: '^0.3.1',
37 silly install resolved        'cli-table': '^0.3.1',
37 silly install resolved        commander: '^2.8.1',
37 silly install resolved        'concat-stream': '^1.5.0',
37 silly install resolved        configstore: '^1.2.0',
37 silly install resolved        didyoumean: '^1.2.1',
37 silly install resolved        'exit-code': '^1.0.2',
37 silly install resolved        filesize: '^3.1.3',
37 silly install resolved        firebase: '2.x.x',
37 silly install resolved        'fs-extra': '^0.23.1',
37 silly install resolved        'fstream-ignore': '^1.0.2',
37 silly install resolved        googleapis: '^2.1.7',
37 silly install resolved        inquirer: '^0.12.0',
37 silly install resolved        jsonschema: '^1.0.2',
37 silly install resolved        jsonwebtoken: '^5.4.0',
37 silly install resolved        lodash: '^4.6.1',
37 silly install resolved        'node-uuid': '^1.4.3',
37 silly install resolved        open: '^0.0.5',
37 silly install resolved        portfinder: '^0.4.0',
37 silly install resolved        progress: '^1.1.8',
37 silly install resolved        request: '^2.58.0',
37 silly install resolved        rsvp: '^3.0.18',
37 silly install resolved        semver: '^5.0.3',
37 silly install resolved        shelljs: '^0.5.3',
37 silly install resolved        superstatic: '^4.0',
37 silly install resolved        tar: '^2.2.0',
37 silly install resolved        through: '^2.3.8',
37 silly install resolved        tmp: '0.0.27',
37 silly install resolved        'universal-analytics': '^0.3.9',
37 silly install resolved        'update-notifier': '^0.5.0',
37 silly install resolved        'user-home': '^2.0.0',
37 silly install resolved        uuid: '^2.0.1',
37 silly install resolved        winston: '^1.0.1' },
37 silly install resolved     devDependencies:
37 silly install resolved      { chai: '^3.0.0',
37 silly install resolved        'chai-as-promised': '^5.1.0',
37 silly install resolved        coveralls: '2.11.2',
37 silly install resolved        eslint: '^1.4.1',
37 silly install resolved        gulp: '^3.9.0',
37 silly install resolved        'gulp-eslint': '^1.0.0',
37 silly install resolved        'gulp-exit': '0.0.2',
37 silly install resolved        'gulp-istanbul': '^0.10.0',
37 silly install resolved        'gulp-mocha': '^2.1.2',
37 silly install resolved        'jshint-stylish': '^2.0.1',
37 silly install resolved        nock: '^2.10.0',
37 silly install resolved        sinon: '^1.17.4',
37 silly install resolved        'sinon-as-promised': '^4.0.0',
37 silly install resolved        'sinon-chai': '^2.8.0' },
37 silly install resolved     gitHead: 'e73d66186979d4d25b036bb4f8bc6f3f4314b7ca',
37 silly install resolved     _id: 'firebase-tools@3.0.3',
37 silly install resolved     _shasum: '5f20c68a2545e96595d00e1957f833ccbaa4f192',
37 silly install resolved     _from: 'firebase-tools@latest',
37 silly install resolved     _npmVersion: '2.7.5',
37 silly install resolved     _nodeVersion: '0.10.38',
37 silly install resolved     _npmUser: { name: 'firebase', email: 'operations@firebase.com' },
37 silly install resolved     maintainers: [ [Object] ],
37 silly install resolved     dist:
37 silly install resolved      { shasum: '5f20c68a2545e96595d00e1957f833ccbaa4f192',
37 silly install resolved        tarball: 'https://registry.npmjs.org/firebase-tools/-/firebase-tools-3.0.3.tgz' },
37 silly install resolved     _npmOperationalInternal:
37 silly install resolved      { host: 'packages-16-east.internal.npmjs.com',
37 silly install resolved        tmp: 'tmp/firebase-tools-3.0.3.tgz_1466551705912_0.00408945488743484' },
37 silly install resolved     directories: {},
37 silly install resolved     _resolved: 'https://registry.npmjs.org/firebase-tools/-/firebase-tools-3.0.3.tgz',
37 silly install resolved     readme: 'ERROR: No README data found!' } ]
38 info install firebase-tools@3.0.3 into /usr/local/lib
39 info installOne firebase-tools@3.0.3
40 verbose installOne of firebase-tools to /usr/local/lib not in flight; installing
41 verbose correctMkdir /Users/Exodus/.npm/_locks correctMkdir not in flight; initializing
42 verbose lock using /Users/Exodus/.npm/_locks/firebase-tools-10d1b8d676fd02fa.lock for /usr/local/lib/node_modules/firebase-tools
43 silly install write writing firebase-tools 3.0.3 to /usr/local/lib/node_modules/firebase-tools
44 verbose unbuild lib/node_modules/firebase-tools
45 info preuninstall firebase-tools@3.0.2
46 info uninstall firebase-tools@3.0.2
47 verbose unbuild rmStuff firebase-tools@3.0.2 from /usr/local/lib/node_modules
48 silly gentlyRm /usr/local/bin/firebase is being gently removed
49 silly gentlyRm verifying /usr/local is an npm working directory
50 silly gentlyRm containing path /usr/local is under npm's control, in /usr/local
51 silly gentlyRm deletion target /usr/local/bin/firebase is under /usr/local
52 verbose gentlyRm vacuuming from /usr/local/bin/firebase up to /usr/local
53 info postuninstall firebase-tools@3.0.2
54 silly gentlyRm /usr/local/lib/node_modules/firebase-tools is being purged from base /usr/local
55 verbose gentlyRm don't care about contents; nuking /usr/local/lib/node_modules/firebase-tools
56 silly vacuum-fs purging /usr/local/lib/node_modules/firebase-tools
57 verbose unlock done using /Users/Exodus/.npm/_locks/firebase-tools-10d1b8d676fd02fa.lock for /usr/local/lib/node_modules/firebase-tools
58 verbose stack Error: EACCES: permission denied, rmdir '/usr/local/lib/node_modules/firebase-tools'
58 verbose stack     at Error (native)
59 verbose cwd /Users/Exodus/Firebase
60 error Darwin 15.5.0
61 error argv "/usr/local/bin/node" "/usr/local/bin/npm" "install" "-g" "firebase-tools"
62 error node v4.4.5
63 error npm  v2.15.5
64 error path /usr/local/lib/node_modules/firebase-tools
65 error code EACCES
66 error errno -13
67 error syscall rmdir
68 error Error: EACCES: permission denied, rmdir '/usr/local/lib/node_modules/firebase-tools'
68 error     at Error (native)
68 error  { [Error: EACCES: permission denied, rmdir '/usr/local/lib/node_modules/firebase-tools']
68 error   errno: -13,
68 error   code: 'EACCES',
68 error   syscall: 'rmdir',
68 error   path: '/usr/local/lib/node_modules/firebase-tools' }
69 error Please try running this command again as root/Administrator.
70 verbose exit [ -13, true ]
71 verbose unbuild lib/node_modules/firebase-tools
72 info preuninstall firebase-tools@3.0.2
73 info uninstall firebase-tools@3.0.2
74 verbose unbuild rmStuff firebase-tools@3.0.2 from /usr/local/lib/node_modules
75 silly gentlyRm /usr/local/bin/firebase is being gently removed
76 silly gentlyRm verifying /usr/local is an npm working directory
77 silly gentlyRm containing path /usr/local is under npm's control, in /usr/local
78 silly gentlyRm deletion target /usr/local/bin/firebase is under /usr/local
79 verbose gentlyRm vacuuming from /usr/local/bin/firebase up to /usr/local
80 info postuninstall firebase-tools@3.0.2
81 silly gentlyRm /usr/local/lib/node_modules/firebase-tools is being purged from base /usr/local
82 verbose gentlyRm don't care about contents; nuking /usr/local/lib/node_modules/firebase-tools
83 silly vacuum-fs purging /usr/local/lib/node_modules/firebase-tools
84 error error rolling back Error: EACCES: permission denied, rmdir '/usr/local/lib/node_modules/firebase-tools'
84 error error rolling back     at Error (native)
84 error error rolling back  { [Error: EACCES: permission denied, rmdir '/usr/local/lib/node_modules/firebase-tools']
84 error error rolling back   errno: -13,
84 error error rolling back   code: 'EACCES',
84 error error rolling back   syscall: 'rmdir',
84 error error rolling back   path: '/usr/local/lib/node_modules/firebase-tools' }
